{"/Users/andrewmorrison/Springboard_files/exercises/express-biztime/app.js": {"path":"/Users/andrewmorrison/Springboard_files/exercises/express-biztime/app.js","statementMap":{"0":{"start":{"line":9,"column":12},"end":{"line":9,"column":21}},"1":{"start":{"line":11,"column":0},"end":{"line":11,"column":16}},"2":{"start":{"line":13,"column":0},"end":{"line":13,"column":39}},"3":{"start":{"line":14,"column":0},"end":{"line":14,"column":37}},"4":{"start":{"line":15,"column":0},"end":{"line":15,"column":41}},"5":{"start":{"line":20,"column":0},"end":{"line":23,"column":3}},"6":{"start":{"line":21,"column":14},"end":{"line":21,"column":48}},"7":{"start":{"line":22,"column":2},"end":{"line":22,"column":19}},"8":{"start":{"line":27,"column":0},"end":{"line":35,"column":3}},"9":{"start":{"line":28,"column":2},"end":{"line":28,"column":20}},"10":{"start":{"line":29,"column":2},"end":{"line":29,"column":32}},"11":{"start":{"line":31,"column":2},"end":{"line":34,"column":5}}},"fnMap":{"0":{"name":"(anonymous_0)","decl":{"start":{"line":20,"column":8},"end":{"line":20,"column":9}},"loc":{"start":{"line":20,"column":33},"end":{"line":23,"column":1}},"line":20},"1":{"name":"(anonymous_1)","decl":{"start":{"line":27,"column":8},"end":{"line":27,"column":9}},"loc":{"start":{"line":27,"column":33},"end":{"line":35,"column":1}},"line":27}},"branchMap":{"0":{"loc":{"start":{"line":29,"column":13},"end":{"line":29,"column":30}},"type":"binary-expr","locations":[{"start":{"line":29,"column":13},"end":{"line":29,"column":23}},{"start":{"line":29,"column":27},"end":{"line":29,"column":30}}],"line":29}},"s":{"0":2,"1":2,"2":2,"3":2,"4":2,"5":2,"6":0,"7":0,"8":2,"9":0,"10":0,"11":0},"f":{"0":0,"1":0},"b":{"0":[0,0]},"_coverageSchema":"1a1c01bbd47fc00a2c39e90264f33305004495a9","hash":"a73787d9ee1e5ed19ce17d28d1c1ef963566d2e0"}
,"/Users/andrewmorrison/Springboard_files/exercises/express-biztime/db.js": {"path":"/Users/andrewmorrison/Springboard_files/exercises/express-biztime/db.js","statementMap":{"0":{"start":{"line":4,"column":19},"end":{"line":4,"column":22}},"1":{"start":{"line":8,"column":0},"end":{"line":12,"column":1}},"2":{"start":{"line":9,"column":2},"end":{"line":9,"column":40}},"3":{"start":{"line":11,"column":2},"end":{"line":11,"column":35}},"4":{"start":{"line":14,"column":9},"end":{"line":16,"column":2}},"5":{"start":{"line":18,"column":0},"end":{"line":18,"column":13}}},"fnMap":{},"branchMap":{"0":{"loc":{"start":{"line":8,"column":0},"end":{"line":12,"column":1}},"type":"if","locations":[{"start":{"line":8,"column":0},"end":{"line":12,"column":1}},{"start":{"line":10,"column":7},"end":{"line":12,"column":1}}],"line":8}},"s":{"0":2,"1":2,"2":2,"3":0,"4":2,"5":2},"f":{},"b":{"0":[2,0]},"_coverageSchema":"1a1c01bbd47fc00a2c39e90264f33305004495a9","hash":"46d79d9ce361bdbd219807ac2ceae4b5d2240779"}
,"/Users/andrewmorrison/Springboard_files/exercises/express-biztime/expressError.js": {"path":"/Users/andrewmorrison/Springboard_files/exercises/express-biztime/expressError.js","statementMap":{"0":{"start":{"line":9,"column":4},"end":{"line":9,"column":12}},"1":{"start":{"line":10,"column":4},"end":{"line":10,"column":27}},"2":{"start":{"line":11,"column":4},"end":{"line":11,"column":25}},"3":{"start":{"line":12,"column":4},"end":{"line":12,"column":30}}},"fnMap":{"0":{"name":"(anonymous_0)","decl":{"start":{"line":8,"column":2},"end":{"line":8,"column":3}},"loc":{"start":{"line":8,"column":31},"end":{"line":13,"column":3}},"line":8}},"branchMap":{},"s":{"0":0,"1":0,"2":0,"3":0},"f":{"0":0},"b":{},"_coverageSchema":"1a1c01bbd47fc00a2c39e90264f33305004495a9","hash":"885c41d4559e28e3391740824583c3104fdbf36d"}
,"/Users/andrewmorrison/Springboard_files/exercises/express-biztime/helpers/helpers.js": {"path":"/Users/andrewmorrison/Springboard_files/exercises/express-biztime/helpers/helpers.js","statementMap":{"0":{"start":{"line":2,"column":24},"end":{"line":2,"column":33}},"1":{"start":{"line":5,"column":4},"end":{"line":12,"column":5}},"2":{"start":{"line":6,"column":48},"end":{"line":6,"column":52}},"3":{"start":{"line":7,"column":6},"end":{"line":11,"column":7}},"4":{"start":{"line":8,"column":8},"end":{"line":8,"column":47}},"5":{"start":{"line":10,"column":8},"end":{"line":10,"column":50}},"6":{"start":{"line":15,"column":23},"end":{"line":15,"column":25}},"7":{"start":{"line":16,"column":4},"end":{"line":23,"column":5}},"8":{"start":{"line":17,"column":27},"end":{"line":17,"column":92}},"9":{"start":{"line":17,"column":55},"end":{"line":17,"column":91}},"10":{"start":{"line":18,"column":6},"end":{"line":22,"column":9}},"11":{"start":{"line":21,"column":53},"end":{"line":21,"column":66}},"12":{"start":{"line":24,"column":4},"end":{"line":24,"column":22}}},"fnMap":{"0":{"name":"convertResponseData","decl":{"start":{"line":1,"column":16},"end":{"line":1,"column":35}},"loc":{"start":{"line":1,"column":50},"end":{"line":25,"column":3}},"line":1},"1":{"name":"(anonymous_1)","decl":{"start":{"line":17,"column":45},"end":{"line":17,"column":46}},"loc":{"start":{"line":17,"column":55},"end":{"line":17,"column":91}},"line":17},"2":{"name":"(anonymous_2)","decl":{"start":{"line":21,"column":43},"end":{"line":21,"column":44}},"loc":{"start":{"line":21,"column":53},"end":{"line":21,"column":66}},"line":21}},"branchMap":{"0":{"loc":{"start":{"line":7,"column":6},"end":{"line":11,"column":7}},"type":"if","locations":[{"start":{"line":7,"column":6},"end":{"line":11,"column":7}},{"start":{"line":9,"column":13},"end":{"line":11,"column":7}}],"line":7}},"s":{"0":0,"1":0,"2":0,"3":0,"4":0,"5":0,"6":0,"7":0,"8":0,"9":0,"10":0,"11":0,"12":0},"f":{"0":0,"1":0,"2":0},"b":{"0":[0,0]},"_coverageSchema":"1a1c01bbd47fc00a2c39e90264f33305004495a9","hash":"f712ab472479a7270a7180b87c762ece1b89fdd5"}
,"/Users/andrewmorrison/Springboard_files/exercises/express-biztime/routes/companies.js": {"path":"/Users/andrewmorrison/Springboard_files/exercises/express-biztime/routes/companies.js","statementMap":{"0":{"start":{"line":7,"column":15},"end":{"line":7,"column":23}},"1":{"start":{"line":9,"column":0},"end":{"line":16,"column":2}},"2":{"start":{"line":10,"column":4},"end":{"line":15,"column":5}},"3":{"start":{"line":11,"column":23},"end":{"line":11,"column":73}},"4":{"start":{"line":12,"column":8},"end":{"line":12,"column":50}},"5":{"start":{"line":14,"column":8},"end":{"line":14,"column":22}},"6":{"start":{"line":18,"column":0},"end":{"line":40,"column":2}},"7":{"start":{"line":19,"column":4},"end":{"line":39,"column":5}},"8":{"start":{"line":20,"column":23},"end":{"line":26,"column":77}},"9":{"start":{"line":27,"column":8},"end":{"line":30,"column":9}},"10":{"start":{"line":28,"column":29},"end":{"line":28,"column":102}},"11":{"start":{"line":29,"column":12},"end":{"line":29,"column":33}},"12":{"start":{"line":31,"column":45},"end":{"line":31,"column":59}},"13":{"start":{"line":32,"column":27},"end":{"line":32,"column":60}},"14":{"start":{"line":32,"column":49},"end":{"line":32,"column":59}},"15":{"start":{"line":33,"column":8},"end":{"line":36,"column":50}},"16":{"start":{"line":38,"column":8},"end":{"line":38,"column":22}},"17":{"start":{"line":42,"column":0},"end":{"line":53,"column":2}},"18":{"start":{"line":43,"column":22},"end":{"line":43,"column":49}},"19":{"start":{"line":44,"column":4},"end":{"line":52,"column":5}},"20":{"start":{"line":45,"column":23},"end":{"line":48,"column":88}},"21":{"start":{"line":49,"column":8},"end":{"line":49,"column":63}},"22":{"start":{"line":51,"column":8},"end":{"line":51,"column":22}},"23":{"start":{"line":55,"column":0},"end":{"line":70,"column":2}},"24":{"start":{"line":56,"column":4},"end":{"line":69,"column":5}},"25":{"start":{"line":57,"column":8},"end":{"line":60,"column":9}},"26":{"start":{"line":58,"column":31},"end":{"line":58,"column":67}},"27":{"start":{"line":59,"column":12},"end":{"line":59,"column":35}},"28":{"start":{"line":61,"column":23},"end":{"line":65,"column":94}},"29":{"start":{"line":66,"column":8},"end":{"line":66,"column":51}},"30":{"start":{"line":68,"column":8},"end":{"line":68,"column":22}},"31":{"start":{"line":72,"column":0},"end":{"line":86,"column":2}},"32":{"start":{"line":73,"column":4},"end":{"line":85,"column":5}},"33":{"start":{"line":74,"column":23},"end":{"line":77,"column":57}},"34":{"start":{"line":78,"column":8},"end":{"line":81,"column":9}},"35":{"start":{"line":79,"column":29},"end":{"line":79,"column":102}},"36":{"start":{"line":80,"column":12},"end":{"line":80,"column":33}},"37":{"start":{"line":82,"column":8},"end":{"line":82,"column":69}},"38":{"start":{"line":84,"column":8},"end":{"line":84,"column":22}}},"fnMap":{"0":{"name":"(anonymous_0)","decl":{"start":{"line":9,"column":16},"end":{"line":9,"column":17}},"loc":{"start":{"line":9,"column":47},"end":{"line":16,"column":1}},"line":9},"1":{"name":"(anonymous_1)","decl":{"start":{"line":18,"column":21},"end":{"line":18,"column":22}},"loc":{"start":{"line":18,"column":52},"end":{"line":40,"column":1}},"line":18},"2":{"name":"(anonymous_2)","decl":{"start":{"line":32,"column":44},"end":{"line":32,"column":45}},"loc":{"start":{"line":32,"column":49},"end":{"line":32,"column":59}},"line":32},"3":{"name":"(anonymous_3)","decl":{"start":{"line":42,"column":17},"end":{"line":42,"column":18}},"loc":{"start":{"line":42,"column":48},"end":{"line":53,"column":1}},"line":42},"4":{"name":"(anonymous_4)","decl":{"start":{"line":55,"column":23},"end":{"line":55,"column":24}},"loc":{"start":{"line":55,"column":54},"end":{"line":70,"column":1}},"line":55},"5":{"name":"(anonymous_5)","decl":{"start":{"line":72,"column":24},"end":{"line":72,"column":25}},"loc":{"start":{"line":72,"column":55},"end":{"line":86,"column":1}},"line":72}},"branchMap":{"0":{"loc":{"start":{"line":27,"column":8},"end":{"line":30,"column":9}},"type":"if","locations":[{"start":{"line":27,"column":8},"end":{"line":30,"column":9}},{"start":{},"end":{}}],"line":27},"1":{"loc":{"start":{"line":57,"column":8},"end":{"line":60,"column":9}},"type":"if","locations":[{"start":{"line":57,"column":8},"end":{"line":60,"column":9}},{"start":{},"end":{}}],"line":57},"2":{"loc":{"start":{"line":78,"column":8},"end":{"line":81,"column":9}},"type":"if","locations":[{"start":{"line":78,"column":8},"end":{"line":81,"column":9}},{"start":{},"end":{}}],"line":78}},"s":{"0":2,"1":2,"2":1,"3":1,"4":1,"5":0,"6":2,"7":1,"8":1,"9":1,"10":0,"11":0,"12":1,"13":1,"14":1,"15":1,"16":0,"17":2,"18":1,"19":1,"20":1,"21":1,"22":0,"23":2,"24":1,"25":1,"26":0,"27":0,"28":1,"29":1,"30":0,"31":2,"32":1,"33":1,"34":1,"35":0,"36":0,"37":1,"38":0},"f":{"0":1,"1":1,"2":1,"3":1,"4":1,"5":1},"b":{"0":[0,1],"1":[0,1],"2":[0,1]},"_coverageSchema":"1a1c01bbd47fc00a2c39e90264f33305004495a9","hash":"6fc29fbed15069d9285a695a85f5f20cc20a4e8e"}
,"/Users/andrewmorrison/Springboard_files/exercises/express-biztime/routes/industries.js": {"path":"/Users/andrewmorrison/Springboard_files/exercises/express-biztime/routes/industries.js","statementMap":{"0":{"start":{"line":7,"column":15},"end":{"line":7,"column":23}},"1":{"start":{"line":9,"column":0},"end":{"line":22,"column":2}},"2":{"start":{"line":10,"column":4},"end":{"line":21,"column":5}},"3":{"start":{"line":11,"column":23},"end":{"line":16,"column":41}},"4":{"start":{"line":17,"column":30},"end":{"line":17,"column":62}},"5":{"start":{"line":18,"column":8},"end":{"line":18,"column":38}},"6":{"start":{"line":20,"column":8},"end":{"line":20,"column":22}},"7":{"start":{"line":24,"column":0},"end":{"line":34,"column":2}},"8":{"start":{"line":25,"column":4},"end":{"line":33,"column":5}},"9":{"start":{"line":26,"column":23},"end":{"line":29,"column":83}},"10":{"start":{"line":30,"column":8},"end":{"line":30,"column":65}},"11":{"start":{"line":32,"column":8},"end":{"line":32,"column":22}},"12":{"start":{"line":36,"column":0},"end":{"line":46,"column":2}},"13":{"start":{"line":37,"column":4},"end":{"line":45,"column":5}},"14":{"start":{"line":38,"column":23},"end":{"line":41,"column":81}},"15":{"start":{"line":42,"column":8},"end":{"line":42,"column":77}},"16":{"start":{"line":44,"column":8},"end":{"line":44,"column":22}}},"fnMap":{"0":{"name":"(anonymous_0)","decl":{"start":{"line":9,"column":16},"end":{"line":9,"column":17}},"loc":{"start":{"line":9,"column":47},"end":{"line":22,"column":1}},"line":9},"1":{"name":"(anonymous_1)","decl":{"start":{"line":24,"column":17},"end":{"line":24,"column":18}},"loc":{"start":{"line":24,"column":48},"end":{"line":34,"column":1}},"line":24},"2":{"name":"(anonymous_2)","decl":{"start":{"line":36,"column":22},"end":{"line":36,"column":23}},"loc":{"start":{"line":36,"column":53},"end":{"line":46,"column":1}},"line":36}},"branchMap":{},"s":{"0":2,"1":2,"2":0,"3":0,"4":0,"5":0,"6":0,"7":2,"8":0,"9":0,"10":0,"11":0,"12":2,"13":0,"14":0,"15":0,"16":0},"f":{"0":0,"1":0,"2":0},"b":{},"_coverageSchema":"1a1c01bbd47fc00a2c39e90264f33305004495a9","hash":"5f5f129c609f435d8b9941f6bbe2200caae98c3a"}
,"/Users/andrewmorrison/Springboard_files/exercises/express-biztime/routes/invoices.js": {"path":"/Users/andrewmorrison/Springboard_files/exercises/express-biztime/routes/invoices.js","statementMap":{"0":{"start":{"line":6,"column":15},"end":{"line":6,"column":23}},"1":{"start":{"line":8,"column":0},"end":{"line":15,"column":2}},"2":{"start":{"line":9,"column":4},"end":{"line":14,"column":5}},"3":{"start":{"line":10,"column":23},"end":{"line":10,"column":75}},"4":{"start":{"line":11,"column":8},"end":{"line":11,"column":49}},"5":{"start":{"line":13,"column":8},"end":{"line":13,"column":22}},"6":{"start":{"line":17,"column":0},"end":{"line":41,"column":2}},"7":{"start":{"line":18,"column":4},"end":{"line":40,"column":5}},"8":{"start":{"line":19,"column":23},"end":{"line":19,"column":146}},"9":{"start":{"line":20,"column":8},"end":{"line":23,"column":9}},"10":{"start":{"line":21,"column":29},"end":{"line":21,"column":100}},"11":{"start":{"line":22,"column":12},"end":{"line":22,"column":33}},"12":{"start":{"line":24,"column":21},"end":{"line":24,"column":35}},"13":{"start":{"line":25,"column":24},"end":{"line":36,"column":9}},"14":{"start":{"line":37,"column":8},"end":{"line":37,"column":36}},"15":{"start":{"line":39,"column":8},"end":{"line":39,"column":22}},"16":{"start":{"line":43,"column":0},"end":{"line":53,"column":2}},"17":{"start":{"line":44,"column":4},"end":{"line":52,"column":5}},"18":{"start":{"line":45,"column":23},"end":{"line":48,"column":74}},"19":{"start":{"line":49,"column":8},"end":{"line":49,"column":64}},"20":{"start":{"line":51,"column":8},"end":{"line":51,"column":22}},"21":{"start":{"line":55,"column":0},"end":{"line":93,"column":2}},"22":{"start":{"line":56,"column":4},"end":{"line":92,"column":5}},"23":{"start":{"line":57,"column":8},"end":{"line":60,"column":9}},"24":{"start":{"line":58,"column":31},"end":{"line":58,"column":67}},"25":{"start":{"line":59,"column":12},"end":{"line":59,"column":35}},"26":{"start":{"line":61,"column":30},"end":{"line":61,"column":38}},"27":{"start":{"line":62,"column":19},"end":{"line":62,"column":32}},"28":{"start":{"line":63,"column":23},"end":{"line":63,"column":27}},"29":{"start":{"line":65,"column":27},"end":{"line":68,"column":33}},"30":{"start":{"line":70,"column":8},"end":{"line":72,"column":9}},"31":{"start":{"line":71,"column":12},"end":{"line":71,"column":65}},"32":{"start":{"line":74,"column":29},"end":{"line":74,"column":57}},"33":{"start":{"line":76,"column":8},"end":{"line":82,"column":9}},"34":{"start":{"line":77,"column":12},"end":{"line":77,"column":34}},"35":{"start":{"line":78,"column":15},"end":{"line":82,"column":9}},"36":{"start":{"line":79,"column":12},"end":{"line":79,"column":28}},"37":{"start":{"line":81,"column":12},"end":{"line":81,"column":36}},"38":{"start":{"line":84,"column":23},"end":{"line":88,"column":38}},"39":{"start":{"line":89,"column":8},"end":{"line":89,"column":51}},"40":{"start":{"line":91,"column":8},"end":{"line":91,"column":22}},"41":{"start":{"line":95,"column":0},"end":{"line":109,"column":2}},"42":{"start":{"line":96,"column":4},"end":{"line":108,"column":5}},"43":{"start":{"line":97,"column":23},"end":{"line":100,"column":55}},"44":{"start":{"line":101,"column":8},"end":{"line":104,"column":9}},"45":{"start":{"line":102,"column":29},"end":{"line":102,"column":98}},"46":{"start":{"line":103,"column":12},"end":{"line":103,"column":33}},"47":{"start":{"line":105,"column":8},"end":{"line":105,"column":67}},"48":{"start":{"line":107,"column":8},"end":{"line":107,"column":22}}},"fnMap":{"0":{"name":"(anonymous_0)","decl":{"start":{"line":8,"column":16},"end":{"line":8,"column":17}},"loc":{"start":{"line":8,"column":47},"end":{"line":15,"column":1}},"line":8},"1":{"name":"(anonymous_1)","decl":{"start":{"line":17,"column":19},"end":{"line":17,"column":20}},"loc":{"start":{"line":17,"column":50},"end":{"line":41,"column":1}},"line":17},"2":{"name":"(anonymous_2)","decl":{"start":{"line":43,"column":17},"end":{"line":43,"column":18}},"loc":{"start":{"line":43,"column":48},"end":{"line":53,"column":1}},"line":43},"3":{"name":"(anonymous_3)","decl":{"start":{"line":55,"column":21},"end":{"line":55,"column":22}},"loc":{"start":{"line":55,"column":52},"end":{"line":93,"column":1}},"line":55},"4":{"name":"(anonymous_4)","decl":{"start":{"line":95,"column":22},"end":{"line":95,"column":23}},"loc":{"start":{"line":95,"column":53},"end":{"line":109,"column":1}},"line":95}},"branchMap":{"0":{"loc":{"start":{"line":20,"column":8},"end":{"line":23,"column":9}},"type":"if","locations":[{"start":{"line":20,"column":8},"end":{"line":23,"column":9}},{"start":{},"end":{}}],"line":20},"1":{"loc":{"start":{"line":57,"column":8},"end":{"line":60,"column":9}},"type":"if","locations":[{"start":{"line":57,"column":8},"end":{"line":60,"column":9}},{"start":{},"end":{}}],"line":57},"2":{"loc":{"start":{"line":70,"column":8},"end":{"line":72,"column":9}},"type":"if","locations":[{"start":{"line":70,"column":8},"end":{"line":72,"column":9}},{"start":{},"end":{}}],"line":70},"3":{"loc":{"start":{"line":76,"column":8},"end":{"line":82,"column":9}},"type":"if","locations":[{"start":{"line":76,"column":8},"end":{"line":82,"column":9}},{"start":{"line":78,"column":15},"end":{"line":82,"column":9}}],"line":76},"4":{"loc":{"start":{"line":76,"column":12},"end":{"line":76,"column":33}},"type":"binary-expr","locations":[{"start":{"line":76,"column":12},"end":{"line":76,"column":25}},{"start":{"line":76,"column":29},"end":{"line":76,"column":33}}],"line":76},"5":{"loc":{"start":{"line":78,"column":15},"end":{"line":82,"column":9}},"type":"if","locations":[{"start":{"line":78,"column":15},"end":{"line":82,"column":9}},{"start":{"line":80,"column":15},"end":{"line":82,"column":9}}],"line":78},"6":{"loc":{"start":{"line":101,"column":8},"end":{"line":104,"column":9}},"type":"if","locations":[{"start":{"line":101,"column":8},"end":{"line":104,"column":9}},{"start":{},"end":{}}],"line":101}},"s":{"0":2,"1":2,"2":1,"3":1,"4":1,"5":0,"6":2,"7":1,"8":1,"9":1,"10":0,"11":0,"12":1,"13":1,"14":1,"15":0,"16":2,"17":1,"18":1,"19":1,"20":0,"21":2,"22":1,"23":1,"24":0,"25":0,"26":1,"27":1,"28":1,"29":1,"30":1,"31":0,"32":1,"33":1,"34":0,"35":1,"36":1,"37":0,"38":1,"39":1,"40":0,"41":2,"42":1,"43":1,"44":1,"45":0,"46":0,"47":1,"48":0},"f":{"0":1,"1":1,"2":1,"3":1,"4":1},"b":{"0":[0,1],"1":[0,1],"2":[0,1],"3":[0,1],"4":[1,1],"5":[1,0],"6":[0,1]},"_coverageSchema":"1a1c01bbd47fc00a2c39e90264f33305004495a9","hash":"c689ffc200861054b008cb03131816b49741d194"}
}
