TN:
SF:app.js
FN:20,(anonymous_0)
FN:27,(anonymous_1)
FNF:2
FNH:0
FNDA:0,(anonymous_0)
FNDA:0,(anonymous_1)
DA:9,2
DA:11,2
DA:13,2
DA:14,2
DA:15,2
DA:20,2
DA:21,0
DA:22,0
DA:27,2
DA:28,0
DA:29,0
DA:31,0
LF:12
LH:7
BRDA:29,0,0,0
BRDA:29,0,1,0
BRF:2
BRH:0
end_of_record
TN:
SF:db.js
FNF:0
FNH:0
DA:4,2
DA:8,2
DA:9,2
DA:11,0
DA:14,2
DA:18,2
LF:6
LH:5
BRDA:8,0,0,2
BRDA:8,0,1,0
BRF:2
BRH:1
end_of_record
TN:
SF:expressError.js
FN:8,(anonymous_0)
FNF:1
FNH:0
FNDA:0,(anonymous_0)
DA:9,0
DA:10,0
DA:11,0
DA:12,0
LF:4
LH:0
BRF:0
BRH:0
end_of_record
TN:
SF:helpers/helpers.js
FN:1,convertResponseData
FN:17,(anonymous_1)
FN:21,(anonymous_2)
FNF:3
FNH:0
FNDA:0,convertResponseData
FNDA:0,(anonymous_1)
FNDA:0,(anonymous_2)
DA:2,0
DA:5,0
DA:6,0
DA:7,0
DA:8,0
DA:10,0
DA:15,0
DA:16,0
DA:17,0
DA:18,0
DA:21,0
DA:24,0
LF:12
LH:0
BRDA:7,0,0,0
BRDA:7,0,1,0
BRF:2
BRH:0
end_of_record
TN:
SF:routes/companies.js
FN:9,(anonymous_0)
FN:18,(anonymous_1)
FN:32,(anonymous_2)
FN:42,(anonymous_3)
FN:55,(anonymous_4)
FN:72,(anonymous_5)
FNF:6
FNH:6
FNDA:1,(anonymous_0)
FNDA:1,(anonymous_1)
FNDA:1,(anonymous_2)
FNDA:1,(anonymous_3)
FNDA:1,(anonymous_4)
FNDA:1,(anonymous_5)
DA:7,2
DA:9,2
DA:10,1
DA:11,1
DA:12,1
DA:14,0
DA:18,2
DA:19,1
DA:20,1
DA:27,1
DA:28,0
DA:29,0
DA:31,1
DA:32,1
DA:33,1
DA:38,0
DA:42,2
DA:43,1
DA:44,1
DA:45,1
DA:49,1
DA:51,0
DA:55,2
DA:56,1
DA:57,1
DA:58,0
DA:59,0
DA:61,1
DA:66,1
DA:68,0
DA:72,2
DA:73,1
DA:74,1
DA:78,1
DA:79,0
DA:80,0
DA:82,1
DA:84,0
LF:38
LH:27
BRDA:27,0,0,0
BRDA:27,0,1,1
BRDA:57,1,0,0
BRDA:57,1,1,1
BRDA:78,2,0,0
BRDA:78,2,1,1
BRF:6
BRH:3
end_of_record
TN:
SF:routes/industries.js
FN:9,(anonymous_0)
FN:24,(anonymous_1)
FN:36,(anonymous_2)
FNF:3
FNH:0
FNDA:0,(anonymous_0)
FNDA:0,(anonymous_1)
FNDA:0,(anonymous_2)
DA:7,2
DA:9,2
DA:10,0
DA:11,0
DA:17,0
DA:18,0
DA:20,0
DA:24,2
DA:25,0
DA:26,0
DA:30,0
DA:32,0
DA:36,2
DA:37,0
DA:38,0
DA:42,0
DA:44,0
LF:17
LH:4
BRF:0
BRH:0
end_of_record
TN:
SF:routes/invoices.js
FN:8,(anonymous_0)
FN:17,(anonymous_1)
FN:43,(anonymous_2)
FN:55,(anonymous_3)
FN:95,(anonymous_4)
FNF:5
FNH:5
FNDA:1,(anonymous_0)
FNDA:1,(anonymous_1)
FNDA:1,(anonymous_2)
FNDA:1,(anonymous_3)
FNDA:1,(anonymous_4)
DA:6,2
DA:8,2
DA:9,1
DA:10,1
DA:11,1
DA:13,0
DA:17,2
DA:18,1
DA:19,1
DA:20,1
DA:21,0
DA:22,0
DA:24,1
DA:25,1
DA:37,1
DA:39,0
DA:43,2
DA:44,1
DA:45,1
DA:49,1
DA:51,0
DA:55,2
DA:56,1
DA:57,1
DA:58,0
DA:59,0
DA:61,1
DA:62,1
DA:63,1
DA:65,1
DA:70,1
DA:71,0
DA:74,1
DA:76,1
DA:77,0
DA:78,1
DA:79,1
DA:81,0
DA:84,1
DA:89,1
DA:91,0
DA:95,2
DA:96,1
DA:97,1
DA:101,1
DA:102,0
DA:103,0
DA:105,1
DA:107,0
LF:49
LH:35
BRDA:20,0,0,0
BRDA:20,0,1,1
BRDA:57,1,0,0
BRDA:57,1,1,1
BRDA:70,2,0,0
BRDA:70,2,1,1
BRDA:76,3,0,0
BRDA:76,3,1,1
BRDA:76,4,0,1
BRDA:76,4,1,1
BRDA:78,5,0,1
BRDA:78,5,1,0
BRDA:101,6,0,0
BRDA:101,6,1,1
BRF:14
BRH:8
end_of_record
